0 info it worked if it ends with ok
1 verbose cli [ 'C:\\Program Files\\nodejs\\node.exe',
1 verbose cli   'C:\\Program Files\\nodejs\\node_modules\\npm\\bin\\npm-cli.js',
1 verbose cli   'update',
1 verbose cli   'angular' ]
2 info using npm@2.14.7
3 info using node@v4.2.2
4 silly mapToRegistry name angular
5 silly mapToRegistry using default registry
6 silly mapToRegistry registry https://registry.npmjs.org/
7 silly mapToRegistry uri https://registry.npmjs.org/angular
8 verbose request uri https://registry.npmjs.org/angular
9 verbose request no auth needed
10 info attempt registry request try #1 at 8:21:47 AM
11 verbose request id 0ccb24aa760c4ef6
12 verbose etag "47990NOUSMRXBRQ8SMFQTJSPE"
13 http request GET https://registry.npmjs.org/angular
14 http 200 https://registry.npmjs.org/angular
15 verbose headers { server: 'CouchDB/1.5.0 (Erlang OTP/R16B03)',
15 verbose headers   etag: '"7HSTOX8CQ68AEO41M3ITJNS6X"',
15 verbose headers   'content-type': 'application/json',
15 verbose headers   'cache-control': 'max-age=300',
15 verbose headers   'content-length': '117400',
15 verbose headers   'accept-ranges': 'bytes',
15 verbose headers   date: 'Wed, 24 Feb 2016 16:21:55 GMT',
15 verbose headers   via: '1.1 varnish',
15 verbose headers   age: '106',
15 verbose headers   connection: 'keep-alive',
15 verbose headers   'x-served-by': 'cache-sjc3131-SJC',
15 verbose headers   'x-cache': 'HIT',
15 verbose headers   'x-cache-hits': '1',
15 verbose headers   'x-timer': 'S1456330915.223629,VS0,VE0',
15 verbose headers   vary: 'Accept' }
16 silly get cb [ 200,
16 silly get   { server: 'CouchDB/1.5.0 (Erlang OTP/R16B03)',
16 silly get     etag: '"7HSTOX8CQ68AEO41M3ITJNS6X"',
16 silly get     'content-type': 'application/json',
16 silly get     'cache-control': 'max-age=300',
16 silly get     'content-length': '117400',
16 silly get     'accept-ranges': 'bytes',
16 silly get     date: 'Wed, 24 Feb 2016 16:21:55 GMT',
16 silly get     via: '1.1 varnish',
16 silly get     age: '106',
16 silly get     connection: 'keep-alive',
16 silly get     'x-served-by': 'cache-sjc3131-SJC',
16 silly get     'x-cache': 'HIT',
16 silly get     'x-cache-hits': '1',
16 silly get     'x-timer': 'S1456330915.223629,VS0,VE0',
16 silly get     vary: 'Accept' } ]
17 verbose get saving angular to C:\Users\chris\AppData\Roaming\npm-cache\registry.npmjs.org\angular\.cache.json
18 silly cache add args [ 'angular', '^1.5.1' ]
19 verbose cache add spec angular@^1.5.1
20 silly cache add parsed spec Result {
20 silly cache add   raw: 'angular@^1.5.1',
20 silly cache add   scope: null,
20 silly cache add   name: 'angular',
20 silly cache add   rawSpec: '^1.5.1',
20 silly cache add   spec: '>=1.5.1 <2.0.0',
20 silly cache add   type: 'range' }
21 silly addNamed angular@>=1.5.1 <2.0.0
22 verbose addNamed ">=1.5.1 <2.0.0" is a valid semver range for angular
23 silly addNameRange { name: 'angular', range: '>=1.5.1 <2.0.0', hasData: false }
24 silly mapToRegistry name angular
25 silly mapToRegistry using default registry
26 silly mapToRegistry registry https://registry.npmjs.org/
27 silly mapToRegistry uri https://registry.npmjs.org/angular
28 verbose addNameRange registry:https://registry.npmjs.org/angular not in flight; fetching
29 verbose get https://registry.npmjs.org/angular not expired, no request
30 silly addNameRange number 2 { name: 'angular', range: '>=1.5.1 <2.0.0', hasData: true }
31 silly addNameRange versions [ 'angular',
31 silly addNameRange   [ '0.0.1',
31 silly addNameRange     '0.0.1-1',
31 silly addNameRange     '0.0.1-2',
31 silly addNameRange     '0.0.2',
31 silly addNameRange     '0.0.3',
31 silly addNameRange     '0.0.4',
31 silly addNameRange     '1.0.0',
31 silly addNameRange     '1.0.1',
31 silly addNameRange     '1.0.2',
31 silly addNameRange     '1.0.3',
31 silly addNameRange     '1.0.4',
31 silly addNameRange     '1.0.5',
31 silly addNameRange     '1.0.6',
31 silly addNameRange     '1.0.7',
31 silly addNameRange     '1.0.8',
31 silly addNameRange     '1.1.0',
31 silly addNameRange     '1.1.1',
31 silly addNameRange     '1.1.2',
31 silly addNameRange     '1.1.3',
31 silly addNameRange     '1.1.4',
31 silly addNameRange     '1.1.5',
31 silly addNameRange     '1.2.0',
31 silly addNameRange     '1.2.1',
31 silly addNameRange     '1.2.2',
31 silly addNameRange     '1.2.3',
31 silly addNameRange     '1.2.4',
31 silly addNameRange     '1.2.5',
31 silly addNameRange     '1.2.6',
31 silly addNameRange     '1.2.7',
31 silly addNameRange     '1.2.8',
31 silly addNameRange     '1.2.9',
31 silly addNameRange     '1.2.10',
31 silly addNameRange     '1.2.11',
31 silly addNameRange     '1.2.12',
31 silly addNameRange     '1.2.13',
31 silly addNameRange     '1.2.14',
31 silly addNameRange     '1.2.15',
31 silly addNameRange     '1.2.16',
31 silly addNameRange     '1.2.17',
31 silly addNameRange     '1.2.18',
31 silly addNameRange     '1.2.19',
31 silly addNameRange     '1.2.20',
31 silly addNameRange     '1.2.21',
31 silly addNameRange     '1.2.22',
31 silly addNameRange     '1.2.23',
31 silly addNameRange     '1.3.0-rc.5',
31 silly addNameRange     '1.3.0',
31 silly addNameRange     '1.3.1',
31 silly addNameRange     '1.3.2',
31 silly addNameRange     '1.3.3',
31 silly addNameRange     '1.3.4-build.3588',
31 silly addNameRange     '1.2.27',
31 silly addNameRange     '1.3.4',
31 silly addNameRange     '1.3.5',
31 silly addNameRange     '1.3.6',
31 silly addNameRange     '1.3.7',
31 silly addNameRange     '1.2.28',
31 silly addNameRange     '1.3.8',
31 silly addNameRange     '1.4.0-beta.0',
31 silly addNameRange     '1.3.9',
31 silly addNameRange     '1.3.10',
31 silly addNameRange     '1.4.0-beta.1',
31 silly addNameRange     '1.4.0-beta.2',
31 silly addNameRange     '1.3.11',
31 silly addNameRange     '1.4.0-beta.3',
31 silly addNameRange     '1.3.12',
31 silly addNameRange     '1.3.13',
31 silly addNameRange     '1.4.0-beta.4',
31 silly addNameRange     '1.3.14',
31 silly addNameRange     '1.4.0-beta.5',
31 silly addNameRange     '1.4.0-beta.6',
31 silly addNameRange     '1.3.15',
31 silly addNameRange     '1.4.0-rc.0',
31 silly addNameRange     '1.4.0-rc.1',
31 silly addNameRange     '1.4.0-rc.2',
31 silly addNameRange     '1.4.0',
31 silly addNameRange     '1.3.16',
31 silly addNameRange     '1.4.1',
31 silly addNameRange     '1.4.2',
31 silly addNameRange     '1.3.17',
31 silly addNameRange     '1.4.3',
31 silly addNameRange     '1.4.4',
31 silly addNameRange     '1.3.18',
31 silly addNameRange     '1.4.5',
31 silly addNameRange     '1.3.19',
31 silly addNameRange     '1.4.6',
31 silly addNameRange     '1.5.0-beta.0',
31 silly addNameRange     '1.2.29',
31 silly addNameRange     '1.3.20',
31 silly addNameRange     '1.4.7',
31 silly addNameRange     '1.5.0-beta.2',
31 silly addNameRange     '1.4.8',
31 silly addNameRange     '1.5.0-rc.0',
31 silly addNameRange     '1.5.0-rc.1',
31 silly addNameRange     '1.4.9',
31 silly addNameRange     '1.5.0-rc.2',
31 silly addNameRange     '1.5.0' ] ]
32 verbose stack Error: No compatible version found: angular@'>=1.5.1 <2.0.0'
32 verbose stack Valid install targets:
32 verbose stack ["0.0.1","0.0.1-1","0.0.1-2","0.0.2","0.0.3","0.0.4","1.0.0","1.0.1","1.0.2","1.0.3","1.0.4","1.0.5","1.0.6","1.0.7","1.0.8","1.1.0","1.1.1","1.1.2","1.1.3","1.1.4","1.1.5","1.2.0","1.2.1","1.2.2","1.2.3","1.2.4","1.2.5","1.2.6","1.2.7","1.2.8","1.2.9","1.2.10","1.2.11","1.2.12","1.2.13","1.2.14","1.2.15","1.2.16","1.2.17","1.2.18","1.2.19","1.2.20","1.2.21","1.2.22","1.2.23","1.3.0-rc.5","1.3.0","1.3.1","1.3.2","1.3.3","1.3.4-build.3588","1.2.27","1.3.4","1.3.5","1.3.6","1.3.7","1.2.28","1.3.8","1.4.0-beta.0","1.3.9","1.3.10","1.4.0-beta.1","1.4.0-beta.2","1.3.11","1.4.0-beta.3","1.3.12","1.3.13","1.4.0-beta.4","1.3.14","1.4.0-beta.5","1.4.0-beta.6","1.3.15","1.4.0-rc.0","1.4.0-rc.1","1.4.0-rc.2","1.4.0","1.3.16","1.4.1","1.4.2","1.3.17","1.4.3","1.4.4","1.3.18","1.4.5","1.3.19","1.4.6","1.5.0-beta.0","1.2.29","1.3.20","1.4.7","1.5.0-beta.2","1.4.8","1.5.0-rc.0","1.5.0-rc.1","1.4.9","1.5.0-rc.2","1.5.0"]
32 verbose stack
32 verbose stack     at installTargetsError (C:\Program Files\nodejs\node_modules\npm\lib\cache\add-named.js:284:12)
32 verbose stack     at next (C:\Program Files\nodejs\node_modules\npm\lib\cache\add-named.js:262:19)
32 verbose stack     at setData (C:\Program Files\nodejs\node_modules\npm\lib\cache\add-named.js:236:5)
32 verbose stack     at RES (C:\Program Files\nodejs\node_modules\npm\node_modules\inflight\inflight.js:23:14)
32 verbose stack     at f (C:\Program Files\nodejs\node_modules\npm\node_modules\once\once.js:17:25)
32 verbose stack     at fixName (C:\Program Files\nodejs\node_modules\npm\lib\cache\add-named.js:29:5)
32 verbose stack     at CachingRegistryClient.get_ (C:\Program Files\nodejs\node_modules\npm\lib\cache\caching-client.js:125:16)
32 verbose stack     at C:\Program Files\nodejs\node_modules\npm\lib\cache\caching-client.js:91:14
32 verbose stack     at C:\Program Files\nodejs\node_modules\npm\node_modules\graceful-fs\graceful-fs.js:76:16
32 verbose stack     at FSReqWrap.readFileAfterClose [as oncomplete] (fs.js:380:3)
33 verbose cwd C:\development\banquetninja
34 error Windows_NT 10.0.10586
35 error argv "C:\\Program Files\\nodejs\\node.exe" "C:\\Program Files\\nodejs\\node_modules\\npm\\bin\\npm-cli.js" "update" "angular"
36 error node v4.2.2
37 error npm  v2.14.7
38 error code ETARGET
39 error notarget No compatible version found: angular@'>=1.5.1 <2.0.0'
39 error notarget Valid install targets:
39 error notarget ["0.0.1","0.0.1-1","0.0.1-2","0.0.2","0.0.3","0.0.4","1.0.0","1.0.1","1.0.2","1.0.3","1.0.4","1.0.5","1.0.6","1.0.7","1.0.8","1.1.0","1.1.1","1.1.2","1.1.3","1.1.4","1.1.5","1.2.0","1.2.1","1.2.2","1.2.3","1.2.4","1.2.5","1.2.6","1.2.7","1.2.8","1.2.9","1.2.10","1.2.11","1.2.12","1.2.13","1.2.14","1.2.15","1.2.16","1.2.17","1.2.18","1.2.19","1.2.20","1.2.21","1.2.22","1.2.23","1.3.0-rc.5","1.3.0","1.3.1","1.3.2","1.3.3","1.3.4-build.3588","1.2.27","1.3.4","1.3.5","1.3.6","1.3.7","1.2.28","1.3.8","1.4.0-beta.0","1.3.9","1.3.10","1.4.0-beta.1","1.4.0-beta.2","1.3.11","1.4.0-beta.3","1.3.12","1.3.13","1.4.0-beta.4","1.3.14","1.4.0-beta.5","1.4.0-beta.6","1.3.15","1.4.0-rc.0","1.4.0-rc.1","1.4.0-rc.2","1.4.0","1.3.16","1.4.1","1.4.2","1.3.17","1.4.3","1.4.4","1.3.18","1.4.5","1.3.19","1.4.6","1.5.0-beta.0","1.2.29","1.3.20","1.4.7","1.5.0-beta.2","1.4.8","1.5.0-rc.0","1.5.0-rc.1","1.4.9","1.5.0-rc.2","1.5.0"]
39 error notarget
39 error notarget This is most likely not a problem with npm itself.
39 error notarget In most cases you or one of your dependencies are requesting
39 error notarget a package version that doesn't exist.
40 verbose exit [ 1, true ]
